Android PIN brute-force :: version 1.0
[[94mINFO[39m] Loading user specified PIN list optimised-pin-length-4.txt for 4 digits
[[94mINFO[39m] PIN list contains 10000 PINs
[[94mINFO[39m] Checking environment
[[91mFAIL[39m] HID device (/dev/hidg0) not found
Android PIN brute-force :: version 1.0
[[94mINFO[39m] Loading user specified PIN list optimised-pin-length-4.txt for 4 digits
[[94mINFO[39m] PIN list contains 10000 PINs
[[94mINFO[39m] Checking environment
[[91mFAIL[39m] HID device (/dev/hidg0) not found
Android PIN brute-force :: version 1.0
[[94mINFO[39m] Loading user specified PIN list optimised-pin-length-4.txt for 4 digits
[[94mINFO[39m] PIN list contains 10000 PINs
[[94mINFO[39m] Checking environment
[[91mFAIL[39m] HID device (/dev/hidg0) not found
Android PIN brute-force :: version 1.0
[[94mINFO[39m] Loading user specified PIN list optimised-pin-length-4.txt for 4 digits
[[94mINFO[39m] PIN list contains 10000 PINs
[[94mINFO[39m] Checking environment
[[91mFAIL[39m] HID device (/dev/hidg0) not found
